<?xml version="1.0" encoding="UTF-8"?>
<testsuite xmlns:xsi="http://www.w3.org/2001/XMLSchema-instance" xsi:noNamespaceSchemaLocation="https://maven.apache.org/surefire/maven-surefire-plugin/xsd/surefire-test-report-3.0.xsd" version="3.0" name="com.AutosQA.dao.AutoDaoMockTest" time="2.411" tests="4" errors="0" skipped="0" failures="0">
  <properties>
[...]
</properties>
  <testcase name="testBuscarPorIdConMock" classname="com.AutosQA.dao.AutoDaoMockTest" time="2.311">
    <system-out><![CDATA[
====================
  Test buscar por ID con Mock
====================
Mock funcionando: Auto encontrado = Auto{id=5, marca='Honda Mock', modelo='Civic Mock', fabricacion=2022}
]]></system-out>
  </testcase>
  <testcase name="testListarConMock" classname="com.AutosQA.dao.AutoDaoMockTest" time="0.014">
    <system-out><![CDATA[
====================
  Test listar con Mock
====================
Mock funcionando: Lista vacía retornada correctamente
]]></system-out>
  </testcase>
  <testcase name="testCrearAutoConMock" classname="com.AutosQA.dao.AutoDaoMockTest" time="0.014">
    <system-out><![CDATA[
====================
  Test crear Auto con Mock
====================
Mock funcionando: Auto creado con mocks correctamente
]]></system-out>
  </testcase>
  <testcase name="testBuscarAutoInexistenteConMock" classname="com.AutosQA.dao.AutoDaoMockTest" time="0.013">
    <system-out><![CDATA[
====================
  Test buscar Auto inexistente con Mock
====================
Mock funcionando: Auto inexistente retornó null correctamente
]]></system-out>
  </testcase>
</testsuite>