<?xml version="1.0" encoding="UTF-8"?>
<testsuite xmlns:xsi="http://www.w3.org/2001/XMLSchema-instance" xsi:noNamespaceSchemaLocation="https://maven.apache.org/surefire/maven-surefire-plugin/xsd/surefire-test-report-3.0.xsd" version="3.0" name="com.AutosQA.db.ConexionTest" time="0.055" tests="12" errors="0" skipped="0" failures="0">
  <properties>
[...]
</properties>
  <testcase name="getConnection_deberiaPermitirVerificarMetadatos" classname="com.AutosQA.db.ConexionTest" time="0.01"/>
  <testcase name="getConnection_noDeberiaSerNull" classname="com.AutosQA.db.ConexionTest" time="0.002"/>
  <testcase name="getConnection_deberiaPermitirMultiplesConexiones" classname="com.AutosQA.db.ConexionTest" time="0.004"/>
  <testcase name="getConnection_noDeberiaLanzarExcepcion" classname="com.AutosQA.db.ConexionTest" time="0.002"/>
  <testcase name="getConnection_deberiaMantenerDatosEntreConexiones" classname="com.AutosQA.db.ConexionTest" time="0.01"/>
  <testcase name="getConnection_deberiaEstablecerConexionExitosamente" classname="com.AutosQA.db.ConexionTest" time="0.001"/>
  <testcase name="getConnection_deberiaManejarCierreCorrectamente" classname="com.AutosQA.db.ConexionTest" time="0.001"/>
  <testcase name="getConnection_deberiaEstarAbierta" classname="com.AutosQA.db.ConexionTest" time="0.001"/>
  <testcase name="getConnection_deberiaSerCompatibleConAutocommit" classname="com.AutosQA.db.ConexionTest" time="0.001"/>
  <testcase name="getConnection_deberiaPermitirOperacionesBasicasSQL" classname="com.AutosQA.db.ConexionTest" time="0.005"/>
  <testcase name="getConnection_deberiaConectarAH2EnMemoria" classname="com.AutosQA.db.ConexionTest" time="0.002"/>
  <testcase name="getConnection_deberiaUsarCredencialesCorrectas" classname="com.AutosQA.db.ConexionTest" time="0.002"/>
</testsuite>